# JRE version: OpenJDK Runtime Environment (8.0_282-b08) (build 1.8.0_282-b08)
# Java VM: OpenJDK 64-Bit Server VM (25.282-b08 mixed mode windows-amd64 compressed oops)
Heap:
 PSYoungGen      total 1183744K, used 252588K [0x000000076ab00000, 0x00000007c0000000, 0x00000007c0000000)
  eden space 1035264K, 10% used [0x000000076ab00000,0x00000007710bbce8,0x00000007a9e00000)
  from space 148480K, 99% used [0x00000007a9e00000,0x00000007b2eef3a8,0x00000007b2f00000)
  to   space 197632K, 0% used [0x00000007b3f00000,0x00000007b3f00000,0x00000007c0000000)
 ParOldGen       total 786944K, used 354451K [0x00000006c0000000, 0x00000006f0080000, 0x000000076ab00000)
  object space 786944K, 45% used [0x00000006c0000000,0x00000006d5a24e58,0x00000006f0080000)
 Metaspace       used 127156K, capacity 128370K, committed 129536K, reserved 1159168K
  class space    used 19986K, capacity 20449K, committed 20480K, reserved 1048576K
GC Heap History (10 events):
Event: 33.350 GC heap before
{Heap before GC invocations=29 (full 4):
 PSYoungGen      total 1272320K, used 1217110K [0x000000076ab00000, 0x00000007bff00000, 0x00000007c0000000)
  eden space 1148928K, 100% used [0x000000076ab00000,0x00000007b0d00000,0x00000007b0d00000)
  from space 123392K, 55% used [0x00000007b8500000,0x00000007bc795940,0x00000007bfd80000)
  to   space 122880K, 0% used [0x00000007b0d00000,0x00000007b0d00000,0x00000007b8500000)
 ParOldGen       total 786944K, used 320087K [0x00000006c0000000, 0x00000006f0080000, 0x000000076ab00000)
  object space 786944K, 40% used [0x00000006c0000000,0x00000006d3895ec0,0x00000006f0080000)
 Metaspace       used 101141K, capacity 102138K, committed 103040K, reserved 1136640K
  class space    used 15775K, capacity 16149K, committed 16256K, reserved 1048576K
Event: 33.375 GC heap after
Heap after GC invocations=29 (full 4):
 PSYoungGen      total 1239552K, used 90364K [0x000000076ab00000, 0x00000007c0000000, 0x00000007c0000000)
  eden space 1148928K, 0% used [0x000000076ab00000,0x000000076ab00000,0x00000007b0d00000)
  from space 90624K, 99% used [0x00000007b0d00000,0x00000007b653f040,0x00000007b6580000)
  to   space 130560K, 0% used [0x00000007b8080000,0x00000007b8080000,0x00000007c0000000)
 ParOldGen       total 786944K, used 320095K [0x00000006c0000000, 0x00000006f0080000, 0x000000076ab00000)
  object space 786944K, 40% used [0x00000006c0000000,0x00000006d3897ec0,0x00000006f0080000)
 Metaspace       used 101141K, capacity 102138K, committed 103040K, reserved 1136640K
  class space    used 15775K, capacity 16149K, committed 16256K, reserved 1048576K
}
Event: 34.940 GC heap before
{Heap before GC invocations=30 (full 4):
 PSYoungGen      total 1239552K, used 1239292K [0x000000076ab00000, 0x00000007c0000000, 0x00000007c0000000)
  eden space 1148928K, 100% used [0x000000076ab00000,0x00000007b0d00000,0x00000007b0d00000)
  from space 90624K, 99% used [0x00000007b0d00000,0x00000007b653f040,0x00000007b6580000)
  to   space 130560K, 0% used [0x00000007b8080000,0x00000007b8080000,0x00000007c0000000)
 ParOldGen       total 786944K, used 320095K [0x00000006c0000000, 0x00000006f0080000, 0x000000076ab00000)
  object space 786944K, 40% used [0x00000006c0000000,0x00000006d3897ec0,0x00000006f0080000)
 Metaspace       used 104400K, capacity 105444K, committed 106368K, reserved 1138688K
  class space    used 16306K, capacity 16696K, committed 16768K, reserved 1048576K
Event: 34.973 GC heap after
Heap after GC invocations=30 (full 4):
 PSYoungGen      total 1230336K, used 125026K [0x000000076ab00000, 0x00000007c0000000, 0x00000007c0000000)
  eden space 1099776K, 0% used [0x000000076ab00000,0x000000076ab00000,0x00000007add00000)
  from space 130560K, 95% used [0x00000007b8080000,0x00000007bfa98af8,0x00000007c0000000)
  to   space 148992K, 0% used [0x00000007add00000,0x00000007add00000,0x00000007b6e80000)
 ParOldGen       total 786944K, used 320112K [0x00000006c0000000, 0x00000006f0080000, 0x000000076ab00000)
  object space 786944K, 40% used [0x00000006c0000000,0x00000006d389c370,0x00000006f0080000)
 Metaspace       used 104400K, capacity 105444K, committed 106368K, reserved 1138688K
  class space    used 16306K, capacity 16696K, committed 16768K, reserved 1048576K
}
Event: 37.088 GC heap before
{Heap before GC invocations=31 (full 4):
 PSYoungGen      total 1230336K, used 1224802K [0x000000076ab00000, 0x00000007c0000000, 0x00000007c0000000)
  eden space 1099776K, 100% used [0x000000076ab00000,0x00000007add00000,0x00000007add00000)
  from space 130560K, 95% used [0x00000007b8080000,0x00000007bfa98af8,0x00000007c0000000)
  to   space 148992K, 0% used [0x00000007add00000,0x00000007add00000,0x00000007b6e80000)
 ParOldGen       total 786944K, used 320112K [0x00000006c0000000, 0x00000006f0080000, 0x000000076ab00000)
  object space 786944K, 40% used [0x00000006c0000000,0x00000006d389c370,0x00000006f0080000)
 Metaspace       used 112296K, capacity 113426K, committed 114432K, reserved 1144832K
  class space    used 17654K, capacity 18089K, committed 18176K, reserved 1048576K
Event: 37.120 GC heap after
Heap after GC invocations=31 (full 4):
 PSYoungGen      total 1229824K, used 129886K [0x000000076ab00000, 0x00000007c0000000, 0x00000007c0000000)
  eden space 1099776K, 0% used [0x000000076ab00000,0x000000076ab00000,0x00000007add00000)
  from space 130048K, 99% used [0x00000007add00000,0x00000007b5bd7980,0x00000007b5c00000)
  to   space 165376K, 0% used [0x00000007b5e80000,0x00000007b5e80000,0x00000007c0000000)
 ParOldGen       total 786944K, used 337961K [0x00000006c0000000, 0x00000006f0080000, 0x000000076ab00000)
  object space 786944K, 42% used [0x00000006c0000000,0x00000006d4a0a4a8,0x00000006f0080000)
 Metaspace       used 112296K, capacity 113426K, committed 114432K, reserved 1144832K
  class space    used 17654K, capacity 18089K, committed 18176K, reserved 1048576K
}
Event: 44.504 GC heap before
{Heap before GC invocations=32 (full 4):
 PSYoungGen      total 1229824K, used 1229662K [0x000000076ab00000, 0x00000007c0000000, 0x00000007c0000000)
  eden space 1099776K, 100% used [0x000000076ab00000,0x00000007add00000,0x00000007add00000)
  from space 130048K, 99% used [0x00000007add00000,0x00000007b5bd7980,0x00000007b5c00000)
  to   space 165376K, 0% used [0x00000007b5e80000,0x00000007b5e80000,0x00000007c0000000)
 ParOldGen       total 786944K, used 337961K [0x00000006c0000000, 0x00000006f0080000, 0x000000076ab00000)
  object space 786944K, 42% used [0x00000006c0000000,0x00000006d4a0a4a8,0x00000006f0080000)
 Metaspace       used 120020K, capacity 121092K, committed 122112K, reserved 1153024K
  class space    used 18727K, capacity 19136K, committed 19200K, reserved 1048576K
Event: 44.537 GC heap after
Heap after GC invocations=32 (full 4):
 PSYoungGen      total 1200640K, used 137534K [0x000000076ab00000, 0x00000007c0000000, 0x00000007c0000000)
  eden space 1035264K, 0% used [0x000000076ab00000,0x000000076ab00000,0x00000007a9e00000)
  from space 165376K, 83% used [0x00000007b5e80000,0x00000007be4cfa48,0x00000007c0000000)
  to   space 181248K, 0% used [0x00000007a9e00000,0x00000007a9e00000,0x00000007b4f00000)
 ParOldGen       total 786944K, used 354443K [0x00000006c0000000, 0x00000006f0080000, 0x000000076ab00000)
  object space 786944K, 45% used [0x00000006c0000000,0x00000006d5a22e58,0x00000006f0080000)
 Metaspace       used 120020K, capacity 121092K, committed 122112K, reserved 1153024K
  class space    used 18727K, capacity 19136K, committed 19200K, reserved 1048576K
}
Event: 46.365 GC heap before
{Heap before GC invocations=33 (full 4):
 PSYoungGen      total 1200640K, used 1172798K [0x000000076ab00000, 0x00000007c0000000, 0x00000007c0000000)
  eden space 1035264K, 100% used [0x000000076ab00000,0x00000007a9e00000,0x00000007a9e00000)
  from space 165376K, 83% used [0x00000007b5e80000,0x00000007be4cfa48,0x00000007c0000000)
  to   space 181248K, 0% used [0x00000007a9e00000,0x00000007a9e00000,0x00000007b4f00000)
 ParOldGen       total 786944K, used 354443K [0x00000006c0000000, 0x00000006f0080000, 0x000000076ab00000)
  object space 786944K, 45% used [0x00000006c0000000,0x00000006d5a22e58,0x00000006f0080000)
 Metaspace       used 126782K, capacity 127986K, committed 129024K, reserved 1157120K
  class space    used 19951K, capacity 20385K, committed 20480K, reserved 1048576K
Event: 46.398 GC heap after
Heap after GC invocations=33 (full 4):
 PSYoungGen      total 1183744K, used 148412K [0x000000076ab00000, 0x00000007c0000000, 0x00000007c0000000)
  eden space 1035264K, 0% used [0x000000076ab00000,0x000000076ab00000,0x00000007a9e00000)
  from space 148480K, 99% used [0x00000007a9e00000,0x00000007b2eef3a8,0x00000007b2f00000)
  to   space 197632K, 0% used [0x00000007b3f00000,0x00000007b3f00000,0x00000007c0000000)
 ParOldGen       total 786944K, used 354451K [0x00000006c0000000, 0x00000006f0080000, 0x000000076ab00000)
  object space 786944K, 45% used [0x00000006c0000000,0x00000006d5a24e58,0x00000006f0080000)
 Metaspace       used 126782K, capacity 127986K, committed 129024K, reserved 1157120K
  class space    used 19951K, capacity 20385K, committed 20480K, reserved 1048576K
}

